{"level":"\u001b[32minfo\u001b[39m","message":"{\"method\":\"GET\",\"url\":\"/api/v1/healthcheck/\",\"status\":\"200\",\"responseTime\":\"9.617\"}","timestamp":"2024-10-31T14:03:10.252Z"}
{"level":"\u001b[32minfo\u001b[39m","message":"{\"method\":\"GET\",\"url\":\"/api/v1/healthcheck/\",\"status\":\"404\",\"responseTime\":\"4.694\"}","timestamp":"2024-11-09T14:12:49.360Z"}
{"level":"\u001b[32minfo\u001b[39m","message":"{\"method\":\"GET\",\"url\":\"/api/v1/healthcheck/\",\"status\":\"404\",\"responseTime\":\"4.787\"}","timestamp":"2024-11-09T14:14:17.787Z"}
{"level":"\u001b[32minfo\u001b[39m","message":"{\"method\":\"GET\",\"url\":\"/api/v1/healthcheck/\",\"status\":\"404\",\"responseTime\":\"3.136\"}","timestamp":"2024-11-09T14:14:41.202Z"}
{"level":"\u001b[32minfo\u001b[39m","message":"{\"method\":\"GET\",\"url\":\"/api/v1/healthcheck/\",\"status\":\"500\",\"responseTime\":\"7.663\"}","timestamp":"2024-11-09T14:15:53.001Z"}
{"level":"\u001b[32minfo\u001b[39m","message":"{\"method\":\"GET\",\"url\":\"/api/v1/healthcheck/\",\"status\":\"500\",\"responseTime\":\"12.957\"}","timestamp":"2024-11-09T14:17:51.071Z"}
{"level":"\u001b[32minfo\u001b[39m","message":"{\"method\":\"GET\",\"url\":\"/api/v1/healthcheck/\",\"status\":\"200\",\"responseTime\":\"3.590\"}","timestamp":"2024-11-09T14:19:33.111Z"}
{"level":"\u001b[32minfo\u001b[39m","message":"{\"method\":\"POST\",\"url\":\"/api/v1/users/register\",\"status\":\"500\",\"responseTime\":\"35.921\"}","timestamp":"2024-11-10T11:12:58.509Z"}
{"level":"\u001b[32minfo\u001b[39m","message":"{\"method\":\"POST\",\"url\":\"/api/v1/users/register\",\"status\":\"500\",\"responseTime\":\"37.732\"}","timestamp":"2024-11-10T11:15:33.540Z"}
{"level":"\u001b[32minfo\u001b[39m","message":"{\"method\":\"POST\",\"url\":\"/api/v1/users/register\",\"status\":\"500\",\"responseTime\":\"16.053\"}","timestamp":"2024-11-10T11:16:27.173Z"}
{"level":"\u001b[32minfo\u001b[39m","message":"{\"method\":\"POST\",\"url\":\"/api/v1/users/register\",\"status\":\"500\",\"responseTime\":\"14.515\"}","timestamp":"2024-11-10T11:21:38.408Z"}
{"level":"\u001b[32minfo\u001b[39m","message":"{\"method\":\"POST\",\"url\":\"/api/v1/users/register\",\"status\":\"500\",\"responseTime\":\"11.074\"}","timestamp":"2024-11-10T11:23:36.530Z"}
{"level":"\u001b[32minfo\u001b[39m","message":"{\"method\":\"POST\",\"url\":\"/api/v1/users/register\",\"status\":\"500\",\"responseTime\":\"14.493\"}","timestamp":"2024-11-10T11:24:00.765Z"}
{"level":"\u001b[32minfo\u001b[39m","message":"{\"method\":\"POST\",\"url\":\"/api/v1/users/register\",\"status\":\"500\",\"responseTime\":\"14.020\"}","timestamp":"2024-11-10T11:25:17.570Z"}
{"level":"\u001b[32minfo\u001b[39m","message":"{\"method\":\"POST\",\"url\":\"/api/v1/users/register\",\"status\":\"404\",\"responseTime\":\"15.419\"}","timestamp":"2024-11-10T11:32:28.045Z"}
{"level":"\u001b[32minfo\u001b[39m","message":"{\"method\":\"POST\",\"url\":\"/api/v1/users/register\",\"status\":\"404\",\"responseTime\":\"12.863\"}","timestamp":"2024-11-10T11:34:11.136Z"}
{"level":"\u001b[32minfo\u001b[39m","message":"{\"method\":\"POST\",\"url\":\"/api/v1/users/register\",\"status\":\"404\",\"responseTime\":\"11.202\"}","timestamp":"2024-11-10T11:36:12.208Z"}
{"level":"\u001b[32minfo\u001b[39m","message":"{\"method\":\"POST\",\"url\":\"/api/v1/users/register\",\"status\":\"404\",\"responseTime\":\"10.129\"}","timestamp":"2024-11-10T11:37:29.919Z"}
{"level":"\u001b[32minfo\u001b[39m","message":"{\"method\":\"POST\",\"url\":\"/api/v1/users/register\",\"status\":\"404\",\"responseTime\":\"9.823\"}","timestamp":"2024-11-10T11:37:58.300Z"}
{"level":"\u001b[32minfo\u001b[39m","message":"{\"method\":\"POST\",\"url\":\"/api/v1/users/register\",\"status\":\"404\",\"responseTime\":\"14.493\"}","timestamp":"2024-11-10T11:40:15.663Z"}
{"level":"\u001b[32minfo\u001b[39m","message":"{\"method\":\"POST\",\"url\":\"/api/v1/users/register\",\"status\":\"404\",\"responseTime\":\"16.092\"}","timestamp":"2024-11-10T11:41:04.101Z"}
{"level":"\u001b[32minfo\u001b[39m","message":"{\"method\":\"POST\",\"url\":\"/api/v1/users/register\",\"status\":\"404\",\"responseTime\":\"16.014\"}","timestamp":"2024-11-10T11:54:17.563Z"}
{"level":"\u001b[32minfo\u001b[39m","message":"{\"method\":\"POST\",\"url\":\"/api/v1/users/register\",\"status\":\"404\",\"responseTime\":\"8.354\"}","timestamp":"2024-11-10T11:55:17.185Z"}
{"level":"\u001b[32minfo\u001b[39m","message":"{\"method\":\"POST\",\"url\":\"/api/v1/users/register\",\"status\":\"404\",\"responseTime\":\"9.001\"}","timestamp":"2024-11-10T11:56:20.473Z"}
{"level":"\u001b[32minfo\u001b[39m","message":"{\"method\":\"POST\",\"url\":\"/api/v1/users/register\",\"status\":\"404\",\"responseTime\":\"5.233\"}","timestamp":"2024-11-10T11:56:43.837Z"}
{"level":"\u001b[32minfo\u001b[39m","message":"{\"method\":\"POST\",\"url\":\"/api/v1/users/register\",\"status\":\"404\",\"responseTime\":\"10.921\"}","timestamp":"2024-11-10T11:58:03.782Z"}
{"level":"\u001b[32minfo\u001b[39m","message":"{\"method\":\"POST\",\"url\":\"/api/v1/users/register\",\"status\":\"500\",\"responseTime\":\"34.755\"}","timestamp":"2024-11-10T11:59:16.789Z"}
{"level":"\u001b[32minfo\u001b[39m","message":"{\"method\":\"POST\",\"url\":\"/api/v1/users/register\",\"status\":\"500\",\"responseTime\":\"44.198\"}","timestamp":"2024-11-10T12:01:09.571Z"}
{"level":"\u001b[32minfo\u001b[39m","message":"{\"method\":\"POST\",\"url\":\"/api/v1/users/register\",\"status\":\"500\",\"responseTime\":\"29.983\"}","timestamp":"2024-11-10T12:03:50.407Z"}
{"level":"\u001b[32minfo\u001b[39m","message":"{\"method\":\"POST\",\"url\":\"/api/v1/users/register\",\"status\":\"201\",\"responseTime\":\"38.300\"}","timestamp":"2024-11-10T12:10:54.138Z"}
{"level":"\u001b[32minfo\u001b[39m","message":"{\"method\":\"POST\",\"url\":\"/api/v1/users/register\",\"status\":\"201\",\"responseTime\":\"42.572\"}","timestamp":"2024-11-10T12:13:31.618Z"}
{"level":"\u001b[32minfo\u001b[39m","message":"{\"method\":\"POST\",\"url\":\"/api/v1/users/register\",\"status\":\"201\",\"responseTime\":\"31.073\"}","timestamp":"2024-11-10T12:14:21.880Z"}
{"level":"\u001b[32minfo\u001b[39m","message":"{\"method\":\"POST\",\"url\":\"/api/v1/users/register\",\"status\":\"201\",\"responseTime\":\"36.676\"}","timestamp":"2024-11-10T12:22:38.733Z"}
{"level":"\u001b[32minfo\u001b[39m","message":"{\"method\":\"POST\",\"url\":\"/api/v1/users/register\",\"status\":\"201\",\"responseTime\":\"13.219\"}","timestamp":"2024-11-10T12:23:52.218Z"}
{"level":"\u001b[32minfo\u001b[39m","message":"{\"method\":\"POST\",\"url\":\"/api/v1/users/register\",\"status\":\"201\",\"responseTime\":\"37.840\"}","timestamp":"2024-11-10T12:28:52.848Z"}
{"level":"\u001b[32minfo\u001b[39m","message":"{\"method\":\"POST\",\"url\":\"/api/v1/users/register\",\"status\":\"201\",\"responseTime\":\"1846.883\"}","timestamp":"2024-11-10T12:30:18.102Z"}
{"level":"\u001b[32minfo\u001b[39m","message":"{\"method\":\"POST\",\"url\":\"/api/v1/users/register\",\"status\":\"201\",\"responseTime\":\"1735.778\"}","timestamp":"2024-11-10T12:35:02.448Z"}
{"level":"\u001b[32minfo\u001b[39m","message":"{\"method\":\"POST\",\"url\":\"/api/v1/users/register\",\"status\":\"500\",\"responseTime\":\"10.141\"}","timestamp":"2024-11-10T12:35:53.681Z"}
{"level":"\u001b[32minfo\u001b[39m","message":"{\"method\":\"POST\",\"url\":\"/api/v1/users/register\",\"status\":\"500\",\"responseTime\":\"10.304\"}","timestamp":"2024-11-10T12:37:02.104Z"}
{"level":"\u001b[32minfo\u001b[39m","message":"{\"method\":\"POST\",\"url\":\"/api/v1/users/register\",\"status\":\"201\",\"responseTime\":\"1978.751\"}","timestamp":"2024-11-10T12:37:40.247Z"}
{"level":"\u001b[32minfo\u001b[39m","message":"{\"method\":\"POST\",\"url\":\"/api/v1/users/register\",\"status\":\"201\",\"responseTime\":\"1834.547\"}","timestamp":"2024-11-10T12:40:47.580Z"}
{"level":"\u001b[32minfo\u001b[39m","message":"{\"method\":\"POST\",\"url\":\"/api/v1/users/register\",\"status\":\"201\",\"responseTime\":\"1900.788\"}","timestamp":"2024-11-10T12:43:49.309Z"}
{"level":"\u001b[32minfo\u001b[39m","message":"{\"method\":\"POST\",\"url\":\"/api/v1/users/register\",\"status\":\"500\",\"responseTime\":\"10.334\"}","timestamp":"2024-11-10T12:48:58.276Z"}
{"level":"\u001b[32minfo\u001b[39m","message":"{\"method\":\"POST\",\"url\":\"/api/v1/users/register\",\"status\":\"201\",\"responseTime\":\"2500.616\"}","timestamp":"2024-11-10T13:40:38.182Z"}
{"level":"\u001b[32minfo\u001b[39m","message":"{\"method\":\"POST\",\"url\":\"/api/v1/users/register\",\"status\":\"201\",\"responseTime\":\"2193.077\"}","timestamp":"2024-11-10T13:43:57.420Z"}
error: Error: 400 - User with this username or email already exists - Error: User with this username or email already exists
    at registerUserService (file:///Users/aayushkumarjha/Desktop/MERN/in-browser-markdown-editor/Server/src/services/userService.js:21:13)
    at process.processTicksAndRejections (node:internal/process/task_queues:95:5)
    at async registerUser (file:///Users/aayushkumarjha/Desktop/MERN/in-browser-markdown-editor/Server/src/controllers/users.controller.js:7:26) {"timestamp":"2024-11-13T13:09:46.272Z"}
info: {"method":"POST","url":"/api/v1/users/register","status":"400","responseTime":"42.150"} {"timestamp":"2024-11-13T13:09:46.288Z"}
error: Error: 500 - Cannot read properties of undefined (reading 'path') - TypeError: Cannot read properties of undefined (reading 'path')
    at registerUser (file:///Users/aayushkumarjha/Desktop/MERN/in-browser-markdown-editor/Server/src/controllers/users.controller.js:11:28)
    at Layer.handle [as handle_request] (/Users/aayushkumarjha/Desktop/MERN/in-browser-markdown-editor/Server/node_modules/express/lib/router/layer.js:95:5)
    at next (/Users/aayushkumarjha/Desktop/MERN/in-browser-markdown-editor/Server/node_modules/express/lib/router/route.js:149:13)
    at validationMiddleware (file:///Users/aayushkumarjha/Desktop/MERN/in-browser-markdown-editor/Server/src/middlewares/zodMiddleware.js:10:7)
    at Layer.handle [as handle_request] (/Users/aayushkumarjha/Desktop/MERN/in-browser-markdown-editor/Server/node_modules/express/lib/router/layer.js:95:5)
    at next (/Users/aayushkumarjha/Desktop/MERN/in-browser-markdown-editor/Server/node_modules/express/lib/router/route.js:149:13)
    at done (/Users/aayushkumarjha/Desktop/MERN/in-browser-markdown-editor/Server/node_modules/multer/lib/make-middleware.js:45:7)
    at indicateDone (/Users/aayushkumarjha/Desktop/MERN/in-browser-markdown-editor/Server/node_modules/multer/lib/make-middleware.js:49:68)
    at Multipart.<anonymous> (/Users/aayushkumarjha/Desktop/MERN/in-browser-markdown-editor/Server/node_modules/multer/lib/make-middleware.js:166:7)
    at Multipart.emit (node:events:511:28) {"timestamp":"2024-11-13T13:16:09.214Z"}
info: {"method":"POST","url":"/api/v1/users/register","status":"500","responseTime":"36.768"} {"timestamp":"2024-11-13T13:16:09.227Z"}
info: {"method":"POST","url":"/api/v1/users/register","status":"500","responseTime":"19.288"} {"timestamp":"2024-11-13T13:16:20.495Z"}
error: Error: 400 - email is required., password is required. - Error: email is required., password is required.
    at validationMiddleware (file:///Users/aayushkumarjha/Desktop/MERN/in-browser-markdown-editor/Server/src/middlewares/zodMiddleware.js:36:26)
    at Layer.handle [as handle_request] (/Users/aayushkumarjha/Desktop/MERN/in-browser-markdown-editor/Server/node_modules/express/lib/router/layer.js:95:5)
    at next (/Users/aayushkumarjha/Desktop/MERN/in-browser-markdown-editor/Server/node_modules/express/lib/router/route.js:149:13)
    at done (/Users/aayushkumarjha/Desktop/MERN/in-browser-markdown-editor/Server/node_modules/multer/lib/make-middleware.js:45:7)
    at indicateDone (/Users/aayushkumarjha/Desktop/MERN/in-browser-markdown-editor/Server/node_modules/multer/lib/make-middleware.js:49:68)
    at Multipart.<anonymous> (/Users/aayushkumarjha/Desktop/MERN/in-browser-markdown-editor/Server/node_modules/multer/lib/make-middleware.js:166:7)
    at Multipart.emit (node:events:511:28)
    at emitCloseNT (node:internal/streams/destroy:132:10)
    at process.processTicksAndRejections (node:internal/process/task_queues:81:21) {"timestamp":"2024-11-13T13:22:49.097Z"}
info: {"method":"POST","url":"/api/v1/users/register","status":"400","responseTime":"21.357"} {"timestamp":"2024-11-13T13:22:49.112Z"}
error: Error: 400 - username is required., email is required., password is required. - Error: username is required., email is required., password is required.
    at validationMiddleware (file:///Users/aayushkumarjha/Desktop/MERN/in-browser-markdown-editor/Server/src/middlewares/zodMiddleware.js:36:26)
    at Layer.handle [as handle_request] (/Users/aayushkumarjha/Desktop/MERN/in-browser-markdown-editor/Server/node_modules/express/lib/router/layer.js:95:5)
    at next (/Users/aayushkumarjha/Desktop/MERN/in-browser-markdown-editor/Server/node_modules/express/lib/router/route.js:149:13)
    at multerMiddleware (/Users/aayushkumarjha/Desktop/MERN/in-browser-markdown-editor/Server/node_modules/multer/lib/make-middleware.js:13:41)
    at Layer.handle [as handle_request] (/Users/aayushkumarjha/Desktop/MERN/in-browser-markdown-editor/Server/node_modules/express/lib/router/layer.js:95:5)
    at next (/Users/aayushkumarjha/Desktop/MERN/in-browser-markdown-editor/Server/node_modules/express/lib/router/route.js:149:13)
    at Route.dispatch (/Users/aayushkumarjha/Desktop/MERN/in-browser-markdown-editor/Server/node_modules/express/lib/router/route.js:119:3)
    at Layer.handle [as handle_request] (/Users/aayushkumarjha/Desktop/MERN/in-browser-markdown-editor/Server/node_modules/express/lib/router/layer.js:95:5)
    at /Users/aayushkumarjha/Desktop/MERN/in-browser-markdown-editor/Server/node_modules/express/lib/router/index.js:284:15
    at Function.process_params (/Users/aayushkumarjha/Desktop/MERN/in-browser-markdown-editor/Server/node_modules/express/lib/router/index.js:346:12) {"timestamp":"2024-11-13T13:22:54.915Z"}
info: {"method":"POST","url":"/api/v1/users/register","status":"400","responseTime":"7.077"} {"timestamp":"2024-11-13T13:22:54.918Z"}
error: Error: 500 - Cannot read properties of undefined (reading 'path') - TypeError: Cannot read properties of undefined (reading 'path')
    at registerUser (file:///Users/aayushkumarjha/Desktop/MERN/in-browser-markdown-editor/Server/src/controllers/users.controller.js:11:28)
    at Layer.handle [as handle_request] (/Users/aayushkumarjha/Desktop/MERN/in-browser-markdown-editor/Server/node_modules/express/lib/router/layer.js:95:5)
    at next (/Users/aayushkumarjha/Desktop/MERN/in-browser-markdown-editor/Server/node_modules/express/lib/router/route.js:149:13)
    at validationMiddleware (file:///Users/aayushkumarjha/Desktop/MERN/in-browser-markdown-editor/Server/src/middlewares/zodMiddleware.js:9:7)
    at Layer.handle [as handle_request] (/Users/aayushkumarjha/Desktop/MERN/in-browser-markdown-editor/Server/node_modules/express/lib/router/layer.js:95:5)
    at next (/Users/aayushkumarjha/Desktop/MERN/in-browser-markdown-editor/Server/node_modules/express/lib/router/route.js:149:13)
    at done (/Users/aayushkumarjha/Desktop/MERN/in-browser-markdown-editor/Server/node_modules/multer/lib/make-middleware.js:45:7)
    at indicateDone (/Users/aayushkumarjha/Desktop/MERN/in-browser-markdown-editor/Server/node_modules/multer/lib/make-middleware.js:49:68)
    at Multipart.<anonymous> (/Users/aayushkumarjha/Desktop/MERN/in-browser-markdown-editor/Server/node_modules/multer/lib/make-middleware.js:166:7)
    at Multipart.emit (node:events:511:28) {"timestamp":"2024-11-13T13:23:05.189Z"}
info: {"method":"POST","url":"/api/v1/users/register","status":"500","responseTime":"7.966"} {"timestamp":"2024-11-13T13:23:05.191Z"}
error: Error: 500 - Cannot read properties of undefined (reading 'path') - TypeError: Cannot read properties of undefined (reading 'path')
    at registerUser (file:///Users/aayushkumarjha/Desktop/MERN/in-browser-markdown-editor/Server/src/controllers/users.controller.js:11:28)
    at Layer.handle [as handle_request] (/Users/aayushkumarjha/Desktop/MERN/in-browser-markdown-editor/Server/node_modules/express/lib/router/layer.js:95:5)
    at next (/Users/aayushkumarjha/Desktop/MERN/in-browser-markdown-editor/Server/node_modules/express/lib/router/route.js:149:13)
    at validationMiddleware (file:///Users/aayushkumarjha/Desktop/MERN/in-browser-markdown-editor/Server/src/middlewares/zodMiddleware.js:9:7)
    at Layer.handle [as handle_request] (/Users/aayushkumarjha/Desktop/MERN/in-browser-markdown-editor/Server/node_modules/express/lib/router/layer.js:95:5)
    at next (/Users/aayushkumarjha/Desktop/MERN/in-browser-markdown-editor/Server/node_modules/express/lib/router/route.js:149:13)
    at done (/Users/aayushkumarjha/Desktop/MERN/in-browser-markdown-editor/Server/node_modules/multer/lib/make-middleware.js:45:7)
    at indicateDone (/Users/aayushkumarjha/Desktop/MERN/in-browser-markdown-editor/Server/node_modules/multer/lib/make-middleware.js:49:68)
    at Multipart.<anonymous> (/Users/aayushkumarjha/Desktop/MERN/in-browser-markdown-editor/Server/node_modules/multer/lib/make-middleware.js:166:7)
    at Multipart.emit (node:events:511:28) {"timestamp":"2024-11-13T13:23:17.674Z"}
info: {"method":"POST","url":"/api/v1/users/register","status":"500","responseTime":"6.526"} {"timestamp":"2024-11-13T13:23:17.676Z"}
